<?xml version="1.0" encoding="UTF-8"?>
<testsuite xmlns:xsi="http://www.w3.org/2001/XMLSchema-instance" xsi:noNamespaceSchemaLocation="https://maven.apache.org/surefire/maven-surefire-plugin/xsd/surefire-test-report-3.0.xsd" version="3.0" name="com.cs341.a1.calculateinterestui.AppTest" time="186.17" tests="36" errors="0" skipped="0" failures="0">
  <properties>
[...]
</properties>
  <testcase name="testLoanInterestCalculation(String, String, String, String)[1]" classname="com.cs341.a1.calculateinterestui.AppTest" time="7.496">
    <system-out><![CDATA[loanAmount < $100k Result: 8000.0
]]></system-out>
  </testcase>
  <testcase name="testLoanInterestCalculation(String, String, String, String)[2]" classname="com.cs341.a1.calculateinterestui.AppTest" time="5.158">
    <system-out><![CDATA[loanAmount < $100k Result: 22750.0
]]></system-out>
  </testcase>
  <testcase name="testLoanInterestCalculation(String, String, String, String)[3]" classname="com.cs341.a1.calculateinterestui.AppTest" time="6.187">
    <system-out><![CDATA[loanAmount < $100k Result: 35750.0
]]></system-out>
  </testcase>
  <testcase name="testLoanInterestCalculation(String, String, String, String)[4]" classname="com.cs341.a1.calculateinterestui.AppTest" time="5.19">
    <system-out><![CDATA[loanAmount < $500k Result: 48750.0
]]></system-out>
  </testcase>
  <testcase name="testLoanInterestCalculation(String, String, String, String)[5]" classname="com.cs341.a1.calculateinterestui.AppTest" time="7.134">
    <system-out><![CDATA[loanAmount >= $500k Result: 605000.0
]]></system-out>
  </testcase>
  <testcase name="testLoanInterestCalculation(String, String, String, String)[6]" classname="com.cs341.a1.calculateinterestui.AppTest" time="6.582">
    <system-out><![CDATA[Error Case in: loanAmount < $500k Result: -1.0
-1.0 -1.0
]]></system-out>
  </testcase>
  <testcase name="testLoanInterestCalculation(String, String, String, String)[7]" classname="com.cs341.a1.calculateinterestui.AppTest" time="4.868">
    <system-out><![CDATA[Error Case in: loanAmount >= $500k Result: -1.0
-1.0 -1.0
]]></system-out>
  </testcase>
  <testcase name="testLoanInterestCalculation(String, String, String, String)[8]" classname="com.cs341.a1.calculateinterestui.AppTest" time="4.471">
    <system-out><![CDATA[loanAmount < $100k Result: 12000.0
]]></system-out>
  </testcase>
  <testcase name="testLoanInterestCalculation(String, String, String, String)[9]" classname="com.cs341.a1.calculateinterestui.AppTest" time="5.412">
    <system-out><![CDATA[loanAmount < $100k Result: 29750.0
]]></system-out>
  </testcase>
  <testcase name="testLoanInterestCalculation(String, String, String, String)[10]" classname="com.cs341.a1.calculateinterestui.AppTest" time="5.844">
    <system-out><![CDATA[loanAmount < $100k Result: 45500.0
]]></system-out>
  </testcase>
  <testcase name="testLoanInterestCalculation(String, String, String, String)[11]" classname="com.cs341.a1.calculateinterestui.AppTest" time="5.175">
    <system-out><![CDATA[loanAmount < $500k Result: 63750.0
]]></system-out>
  </testcase>
  <testcase name="testLoanInterestCalculation(String, String, String, String)[12]" classname="com.cs341.a1.calculateinterestui.AppTest" time="6.868">
    <system-out><![CDATA[loanAmount >= $500k Result: 770000.0
]]></system-out>
  </testcase>
  <testcase name="testLoanInterestCalculation(String, String, String, String)[13]" classname="com.cs341.a1.calculateinterestui.AppTest" time="5.743">
    <system-out><![CDATA[Error Case in: loanAmount < $100k Result: -1.0
-1.0 -1.0
]]></system-out>
  </testcase>
  <testcase name="testLoanInterestCalculation(String, String, String, String)[14]" classname="com.cs341.a1.calculateinterestui.AppTest" time="6.457">
    <system-out><![CDATA[Error Case in: loanAmount < $500k Result: -1.0
-1.0 -1.0
]]></system-out>
  </testcase>
  <testcase name="testLoanInterestCalculation(String, String, String, String)[15]" classname="com.cs341.a1.calculateinterestui.AppTest" time="5.187">
    <system-out><![CDATA[Error Case in: loanAmount >= $500k Result: -1.0
-1.0 -1.0
]]></system-out>
  </testcase>
  <testcase name="testLoanAmountFieldEmpty" classname="com.cs341.a1.calculateinterestui.AppTest" time="2.424"/>
  <testcase name="testLoanAmountNotANumber" classname="com.cs341.a1.calculateinterestui.AppTest" time="2.961"/>
  <testcase name="testLoanYearNotSelected" classname="com.cs341.a1.calculateinterestui.AppTest" time="2.895"/>
  <testcase name="testLoanAmountCalculation(String, String, String, String)[1]" classname="com.cs341.a1.calculateinterestui.AppTest" time="4.441">
    <system-out><![CDATA[loanAmount < $100k Result: 8000.0
]]></system-out>
  </testcase>
  <testcase name="testLoanAmountCalculation(String, String, String, String)[2]" classname="com.cs341.a1.calculateinterestui.AppTest" time="5.105">
    <system-out><![CDATA[loanAmount < $100k Result: 22750.0
]]></system-out>
  </testcase>
  <testcase name="testLoanAmountCalculation(String, String, String, String)[3]" classname="com.cs341.a1.calculateinterestui.AppTest" time="5.846">
    <system-out><![CDATA[loanAmount < $100k Result: 35750.0
]]></system-out>
  </testcase>
  <testcase name="testLoanAmountCalculation(String, String, String, String)[4]" classname="com.cs341.a1.calculateinterestui.AppTest" time="4.834">
    <system-out><![CDATA[loanAmount < $500k Result: 48750.0
]]></system-out>
  </testcase>
  <testcase name="testLoanAmountCalculation(String, String, String, String)[5]" classname="com.cs341.a1.calculateinterestui.AppTest" time="7.093">
    <system-out><![CDATA[loanAmount >= $500k Result: 605000.0
]]></system-out>
  </testcase>
  <testcase name="testLoanAmountCalculation(String, String, String, String)[6]" classname="com.cs341.a1.calculateinterestui.AppTest" time="6.503">
    <system-out><![CDATA[Error Case in: loanAmount < $500k Result: -1.0
-1.0 -1.0
]]></system-out>
  </testcase>
  <testcase name="testLoanAmountCalculation(String, String, String, String)[7]" classname="com.cs341.a1.calculateinterestui.AppTest" time="4.884">
    <system-out><![CDATA[Error Case in: loanAmount >= $500k Result: -1.0
-1.0 -1.0
]]></system-out>
  </testcase>
  <testcase name="testLoanAmountCalculation(String, String, String, String)[8]" classname="com.cs341.a1.calculateinterestui.AppTest" time="4.377">
    <system-out><![CDATA[loanAmount < $100k Result: 12000.0
]]></system-out>
  </testcase>
  <testcase name="testLoanAmountCalculation(String, String, String, String)[9]" classname="com.cs341.a1.calculateinterestui.AppTest" time="5.313">
    <system-out><![CDATA[loanAmount < $100k Result: 29750.0
]]></system-out>
  </testcase>
  <testcase name="testLoanAmountCalculation(String, String, String, String)[10]" classname="com.cs341.a1.calculateinterestui.AppTest" time="6.097">
    <system-out><![CDATA[loanAmount < $100k Result: 45500.0
]]></system-out>
  </testcase>
  <testcase name="testLoanAmountCalculation(String, String, String, String)[11]" classname="com.cs341.a1.calculateinterestui.AppTest" time="5.13">
    <system-out><![CDATA[loanAmount < $500k Result: 63750.0
]]></system-out>
  </testcase>
  <testcase name="testLoanAmountCalculation(String, String, String, String)[12]" classname="com.cs341.a1.calculateinterestui.AppTest" time="6.789">
    <system-out><![CDATA[loanAmount >= $500k Result: 770000.0
]]></system-out>
  </testcase>
  <testcase name="testLoanAmountCalculation(String, String, String, String)[13]" classname="com.cs341.a1.calculateinterestui.AppTest" time="5.713">
    <system-out><![CDATA[Error Case in: loanAmount < $100k Result: -1.0
-1.0 -1.0
]]></system-out>
  </testcase>
  <testcase name="testLoanAmountCalculation(String, String, String, String)[14]" classname="com.cs341.a1.calculateinterestui.AppTest" time="6.477">
    <system-out><![CDATA[Error Case in: loanAmount < $500k Result: -1.0
-1.0 -1.0
]]></system-out>
  </testcase>
  <testcase name="testLoanAmountCalculation(String, String, String, String)[15]" classname="com.cs341.a1.calculateinterestui.AppTest" time="5.014">
    <system-out><![CDATA[Error Case in: loanAmount >= $500k Result: -1.0
-1.0 -1.0
]]></system-out>
  </testcase>
  <testcase name="testLoanAmountLessThan5000" classname="com.cs341.a1.calculateinterestui.AppTest" time="2.942"/>
  <testcase name="testLoanBalanceCalculation(String)[1]" classname="com.cs341.a1.calculateinterestui.AppTest" time="1.848">
    <system-out><![CDATA[loanAmount < $500k Result: 68250.0
]]></system-out>
  </testcase>
  <testcase name="testLoanTypeNotSelected" classname="com.cs341.a1.calculateinterestui.AppTest" time="1.603"/>
</testsuite>